<?xml version="1.0" encoding="UTF-8"?>
<!-- Generated by org.testng.reporters.JUnitXMLReporter -->
<testsuite ignored="0" hostname="LAPTOP-QHG03NQL" failures="0" tests="4" name="04 - Checkout and Payment" time="1.627" errors="0" timestamp="2026-06-15T11:17:23 IST">
  <testcase classname="com.qa.tests.CheckoutPaymentTest" name="tc013_checkoutCartWithMultipleProducts" time="0.406"/>
  <testcase classname="com.qa.tests.CheckoutPaymentTest" name="tcNeg012_checkoutWithEmptyProductsArray" time="0.39"/>
  <testcase classname="com.qa.tests.CheckoutPaymentTest" name="tc014_updateCartQuantityForCheckout" time="0.405"/>
  <testcase classname="com.qa.tests.CheckoutPaymentTest" name="tcNeg013_updateCartWithNonExistentCartId" time="0.405"/>
</testsuite> <!-- 04 - Checkout and Payment -->
