<?xml version="1.0" encoding="UTF-8"?>
<!-- Generated by org.testng.reporters.JUnitXMLReporter -->
<testsuite ignored="0" hostname="LAPTOP-QHG03NQL" failures="0" tests="2" name="05 - Token Refresh and Session" time="0.908" errors="0" timestamp="2026-06-15T11:17:24 IST">
  <testcase classname="com.qa.tests.TokenRefreshTest" name="tc015_refreshAccessToken" time="0.46"/>
  <testcase classname="com.qa.tests.TokenRefreshTest" name="tcNeg_refreshWithInvalidToken" time="0.44"/>
</testsuite> <!-- 05 - Token Refresh and Session -->
