<?xml version="1.0" encoding="UTF-8"?>
<!-- Generated by org.testng.reporters.JUnitXMLReporter -->
<testsuite ignored="0" hostname="LAPTOP-QHG03NQL" failures="0" tests="2" name="06 - Wishlist" time="1.13" errors="0" timestamp="2026-06-15T11:17:25 IST">
  <testcase classname="com.qa.tests.WishlistTest" name="tc016_getProductsForWishlistSelection" time="0.385"/>
  <testcase classname="com.qa.tests.WishlistTest" name="tc017_moveWishlistProductToCartSimulation" time="0.73"/>
</testsuite> <!-- 06 - Wishlist -->
