<?xml version="1.0" encoding="UTF-8"?>
<!-- Generated by org.testng.reporters.JUnitXMLReporter -->
<testsuite ignored="0" hostname="LAPTOP-QHG03NQL" failures="0" tests="4" name="07 - Order Management" time="4.691" errors="0" timestamp="2026-06-15T11:17:30 IST">
  <testcase classname="com.qa.tests.OrderManagementTest" name="tc018_retrieveUserCartsAsOrderHistory" time="3.464"/>
  <testcase classname="com.qa.tests.OrderManagementTest" name="tcNeg014_retrieveCartsForNonExistentUser" time="0.393"/>
  <testcase classname="com.qa.tests.OrderManagementTest" name="tc019_cancelOrderSimulationByDeletingCart" time="0.455"/>
  <testcase classname="com.qa.tests.OrderManagementTest" name="tcNeg015_deleteNonExistentCart" time="0.357"/>
</testsuite> <!-- 07 - Order Management -->
