<?xml version="1.0" encoding="UTF-8"?>
<!-- Generated by org.testng.reporters.JUnitXMLReporter -->
<testsuite ignored="0" hostname="LAPTOP-QHG03NQL" failures="0" tests="5" name="08 - User Profile Management" time="2.134" errors="0" timestamp="2026-06-15T11:17:32 IST">
  <testcase classname="com.qa.tests.UserProfileTest" name="tc020_getUserProfileById" time="0.481"/>
  <testcase classname="com.qa.tests.UserProfileTest" name="tcNeg016_getUserProfileWithNonExistentId" time="0.412"/>
  <testcase classname="com.qa.tests.UserProfileTest" name="tc021_updateUserProfile" time="0.44"/>
  <testcase classname="com.qa.tests.UserProfileTest" name="tc022_partiallyUpdateUserProfile" time="0.397"/>
  <testcase classname="com.qa.tests.UserProfileTest" name="tcNeg017_updateUserWithInvalidEmailFormat" time="0.38"/>
</testsuite> <!-- 08 - User Profile Management -->
