<?xml version="1.0" encoding="UTF-8"?>
<!-- Generated by org.testng.reporters.JUnitXMLReporter -->
<testsuite ignored="0" hostname="LAPTOP-QHG03NQL" failures="2" tests="16" name="Test" time="276.974" errors="0" timestamp="2026-06-14T12:51:49 IST">
  <testcase classname="org.tests.RegisterTest" name="validRegistrationTest" time="26.193">
    <failure type="org.openqa.selenium.TimeoutException" message="Expected condition failed: waiting for visibility of Proxy element for: DefaultElementLocator &amp;apos;By.className: result&amp;apos;
(tried for 10 seconds with 500 milliseconds interval)">
      <![CDATA[org.openqa.selenium.TimeoutException: Expected condition failed: waiting for visibility of Proxy element for: DefaultElementLocator 'By.className: result'
(tried for 10 seconds with 500 milliseconds interval)
at org.openqa.selenium.support.ui.WebDriverWait.timeoutException(WebDriverWait.java:85)
at org.openqa.selenium.support.ui.FluentWait.until(FluentWait.java:234)
at org.tests.RegisterTest.validRegistrationTest(RegisterTest.java:35)
at java.base/java.util.ArrayList.forEach(ArrayList.java:1596)
Caused by: org.openqa.selenium.NoSuchElementException: no such element: Unable to locate element: {"method":"css selector","selector":".result"}
  (Session info: chrome=149.0.7827.104)
For documentation on this error, please visit: https://www.selenium.dev/documentation/webdriver/troubleshooting/errors#nosuchelementexception
Build info: version: '4.44.0', revision: 'da2039b'
System info: os.name: 'Windows 11', os.arch: 'amd64', os.version: '10.0', java.version: '21.0.10'
Driver info: org.openqa.selenium.chrome.ChromeDriver
Command: [3f9943dc523e3d30a1ade8991895f209, findElement {using=class name, value=result}]
Capabilities {acceptInsecureCerts: false, browserName: chrome, browserVersion: 149.0.7827.104, chrome: {chromedriverVersion: 149.0.7827.115 (daf70f9ddee..., userDataDir: C:\Users\swayam-PC\AppData\...}, fedcm:accounts: true, goog:chromeOptions: {debuggerAddress: localhost:58767}, goog:processID: 10156, networkConnectionEnabled: false, pageLoadStrategy: normal, platformName: windows, proxy: Proxy(), se:cdp: ws://localhost:58767/devtoo..., se:cdpVersion: 149.0.7827.104, setWindowRect: true, strictFileInteractability: false, timeouts: {implicit: 0, pageLoad: 300000, script: 30000}, unhandledPromptBehavior: dismiss and notify, webauthn:extension:credBlob: true, webauthn:extension:largeBlob: true, webauthn:extension:minPinLength: true, webauthn:extension:prf: true, webauthn:virtualAuthenticators: true}
Session ID: 3f9943dc523e3d30a1ade8991895f209
at org.openqa.selenium.remote.ErrorCodec.decode(ErrorCodec.java:169)
at org.openqa.selenium.remote.codec.w3c.W3CHttpResponseCodec.decode(W3CHttpResponseCodec.java:143)
at org.openqa.selenium.remote.codec.w3c.W3CHttpResponseCodec.decode(W3CHttpResponseCodec.java:50)
at org.openqa.selenium.remote.HttpCommandExecutor.execute(HttpCommandExecutor.java:224)
at org.openqa.selenium.remote.service.DriverCommandExecutor.invokeExecute(DriverCommandExecutor.java:217)
at org.openqa.selenium.remote.service.DriverCommandExecutor.execute(DriverCommandExecutor.java:175)
at org.openqa.selenium.remote.RemoteWebDriver.execute(RemoteWebDriver.java:600)
at org.openqa.selenium.remote.ElementLocation$ElementFinder$2.findElement(ElementLocation.java:173)
at org.openqa.selenium.remote.ElementLocation.findElement(ElementLocation.java:60)
at org.openqa.selenium.remote.RemoteWebDriver.findElement(RemoteWebDriver.java:421)
at org.openqa.selenium.remote.RemoteWebDriver.findElement(RemoteWebDriver.java:415)
at org.openqa.selenium.support.pagefactory.DefaultElementLocator.findElement(DefaultElementLocator.java:69)
at org.openqa.selenium.support.pagefactory.internal.LocatingElementHandler.invoke(LocatingElementHandler.java:38)
at jdk.proxy2/jdk.proxy2.$Proxy16.isDisplayed(Unknown Source)
at org.openqa.selenium.support.ui.ExpectedConditions.elementIfVisible(ExpectedConditions.java:365)
at org.openqa.selenium.support.ui.ExpectedConditions$10.apply(ExpectedConditions.java:351)
at org.openqa.selenium.support.ui.ExpectedConditions$10.apply(ExpectedConditions.java:348)
at org.openqa.selenium.support.ui.FluentWait.until(FluentWait.java:210)
... 27 more
... Removed 25 stack frames]]>
    </failure>
  </testcase> <!-- validRegistrationTest -->
  <testcase classname="org.tests.RegisterTest" name="registrationMissingFieldsTest" time="5.033"/>
  <testcase classname="org.tests.LoginTest" name="validLoginTest" time="12.46"/>
  <testcase classname="org.tests.LoginTest" name="invalidLoginTest" time="6.341"/>
  <testcase classname="org.tests.LoginTest" name="blankLoginTest" time="5.488"/>
  <testcase classname="org.tests.SearchTest" name="searchByKeywordTest" time="5.491"/>
  <testcase classname="org.tests.SearchTest" name="priceFilterTest" time="7.289"/>
  <testcase classname="org.tests.CartTest" name="addToCartTest" time="11.206"/>
  <testcase classname="org.tests.CartTest" name="updateCartQuantityTest" time="16.424"/>
  <testcase classname="org.tests.CartTest" name="removeFromCartTest" time="13.037"/>
  <testcase classname="org.tests.CheckoutTest" name="fullCheckoutCODTest" time="31.011"/>
  <testcase classname="org.tests.CheckoutTest" name="validCouponTest" time="22.401">
    <failure type="java.lang.AssertionError" message="Valid coupon was not applied. Message: The coupon code you entered couldn&amp;apos;t be applied to your order expected [false] but found [true]">
      <![CDATA[java.lang.AssertionError: Valid coupon was not applied. Message: The coupon code you entered couldn't be applied to your order expected [false] but found [true]
at org.tests.CheckoutTest.validCouponTest(CheckoutTest.java:135)
at java.base/java.util.ArrayList.forEach(ArrayList.java:1596)
... Removed 28 stack frames]]>
    </failure>
  </testcase> <!-- validCouponTest -->
  <testcase classname="org.tests.CheckoutTest" name="invalidCouponTest" time="14.882"/>
  <testcase classname="org.tests.OrderTest" name="viewOrderHistoryTest" time="11.244"/>
  <testcase classname="org.tests.OrderTest" name="cancelOrderTest" time="42.7"/>
  <testcase classname="org.tests.WishlistTest" name="addToWishlistTest" time="10.425"/>
</testsuite> <!-- Test -->
