<?xml version="1.0" encoding="UTF-8"?>
<!-- Generated by org.testng.reporters.JUnitReportReporter -->
<testsuite hostname="LAPTOP-QHG03NQL" failures="0" tests="3" name="org.tests.LoginTest" time="29.920" errors="0" timestamp="2026-06-14T12:51:49 IST" skipped="0">
  <testcase classname="org.tests.LoginTest" name="validLoginTest" time="14.153"/>
  <testcase classname="org.tests.LoginTest" name="invalidLoginTest" time="8.261"/>
  <testcase classname="org.tests.LoginTest" name="blankLoginTest" time="7.506"/>
</testsuite> <!-- org.tests.LoginTest -->
