<?xml version="1.0" encoding="UTF-8"?>
<!-- Generated by org.testng.reporters.JUnitReportReporter -->
<testsuite hostname="LAPTOP-QHG03NQL" failures="0" tests="3" name="org.tests.CartTest" time="46.381" errors="0" timestamp="2026-06-14T12:51:49 IST" skipped="0">
  <testcase classname="org.tests.CartTest" name="addToCartTest" time="12.847"/>
  <testcase classname="org.tests.CartTest" name="updateCartQuantityTest" time="18.633"/>
  <testcase classname="org.tests.CartTest" name="removeFromCartTest" time="14.901"/>
</testsuite> <!-- org.tests.CartTest -->
