<?xml version="1.0" encoding="UTF-8"?>
<!-- Generated by org.testng.reporters.JUnitReportReporter -->
<testsuite hostname="LAPTOP-QHG03NQL" failures="0" tests="4" name="com.qa.tests.CheckoutPaymentTest" time="1.606" errors="0" timestamp="2026-06-15T11:17:32 IST" skipped="0">
  <testcase classname="com.qa.tests.CheckoutPaymentTest" name="tc013_checkoutCartWithMultipleProducts" time="0.406"/>
  <testcase classname="com.qa.tests.CheckoutPaymentTest" name="tcNeg012_checkoutWithEmptyProductsArray" time="0.390"/>
  <testcase classname="com.qa.tests.CheckoutPaymentTest" name="tc014_updateCartQuantityForCheckout" time="0.405"/>
  <testcase classname="com.qa.tests.CheckoutPaymentTest" name="tcNeg013_updateCartWithNonExistentCartId" time="0.405"/>
</testsuite> <!-- com.qa.tests.CheckoutPaymentTest -->
