<?xml version="1.0" encoding="UTF-8"?>
<!-- Generated by org.testng.reporters.JUnitReportReporter -->
<testsuite hostname="LAPTOP-QHG03NQL" failures="0" tests="2" name="com.qa.tests.TokenRefreshTest" time="0.900" errors="0" timestamp="2026-06-15T11:17:32 IST" skipped="0">
  <testcase classname="com.qa.tests.TokenRefreshTest" name="tc015_refreshAccessToken" time="0.460"/>
  <testcase classname="com.qa.tests.TokenRefreshTest" name="tcNeg_refreshWithInvalidToken" time="0.440"/>
</testsuite> <!-- com.qa.tests.TokenRefreshTest -->
