<?xml version="1.0" encoding="UTF-8"?>
<!-- Generated by org.testng.reporters.JUnitReportReporter -->
<testsuite hostname="LAPTOP-QHG03NQL" failures="0" tests="4" name="com.qa.tests.OrderManagementTest" time="4.669" errors="0" timestamp="2026-06-15T11:17:32 IST" skipped="0">
  <testcase classname="com.qa.tests.OrderManagementTest" name="tc018_retrieveUserCartsAsOrderHistory" time="3.464"/>
  <testcase classname="com.qa.tests.OrderManagementTest" name="tcNeg014_retrieveCartsForNonExistentUser" time="0.393"/>
  <testcase classname="com.qa.tests.OrderManagementTest" name="tc019_cancelOrderSimulationByDeletingCart" time="0.455"/>
  <testcase classname="com.qa.tests.OrderManagementTest" name="tcNeg015_deleteNonExistentCart" time="0.357"/>
</testsuite> <!-- com.qa.tests.OrderManagementTest -->
