<?xml version="1.0" encoding="UTF-8"?>
<!-- Generated by org.testng.reporters.JUnitReportReporter -->
<testsuite hostname="LAPTOP-QHG03NQL" failures="0" tests="2" name="com.qa.tests.WishlistTest" time="1.115" errors="0" timestamp="2026-06-15T11:17:32 IST" skipped="0">
  <testcase classname="com.qa.tests.WishlistTest" name="tc016_getProductsForWishlistSelection" time="0.385"/>
  <testcase classname="com.qa.tests.WishlistTest" name="tc017_moveWishlistProductToCartSimulation" time="0.730"/>
</testsuite> <!-- com.qa.tests.WishlistTest -->
