<?xml version="1.0" encoding="UTF-8"?>
<!-- Generated by org.testng.reporters.JUnitReportReporter -->
<testsuite hostname="LAPTOP-QHG03NQL" failures="0" tests="9" name="com.qa.tests.ProductCatalogueTest" time="3.318" errors="0" timestamp="2026-06-15T11:17:32 IST" skipped="0">
  <testcase classname="com.qa.tests.ProductCatalogueTest" name="tc004_getAllProducts" time="0.238"/>
  <testcase classname="com.qa.tests.ProductCatalogueTest" name="tcNeg005_getProductWithNonExistentId" time="0.420"/>
  <testcase classname="com.qa.tests.ProductCatalogueTest" name="tc005_getProductById" time="0.164"/>
  <testcase classname="com.qa.tests.ProductCatalogueTest" name="tcNeg006_getProductWithInvalidStringId" time="0.336"/>
  <testcase classname="com.qa.tests.ProductCatalogueTest" name="tc006_searchProductsByKeyword" time="0.468"/>
  <testcase classname="com.qa.tests.ProductCatalogueTest" name="tcNeg007_searchProductsWithEmptyKeyword" time="0.451"/>
  <testcase classname="com.qa.tests.ProductCatalogueTest" name="tc007_sortAndPaginateProductsByPrice" time="0.455"/>
  <testcase classname="com.qa.tests.ProductCatalogueTest" name="tcNeg008_getProductsByNonExistentCategory" time="0.374"/>
  <testcase classname="com.qa.tests.ProductCatalogueTest" name="tc008_getProductsByCategory" time="0.412"/>
</testsuite> <!-- com.qa.tests.ProductCatalogueTest -->
