<?xml version="1.0" encoding="UTF-8"?>
<!-- Generated by org.testng.reporters.JUnitReportReporter -->
<testsuite hostname="LAPTOP-QHG03NQL" failures="0" tests="7" name="com.qa.tests.ShoppingCartTest" time="3.715" errors="0" timestamp="2026-06-15T11:17:32 IST" skipped="0">
  <testcase classname="com.qa.tests.ShoppingCartTest" name="tc009_getAllCarts" time="0.554"/>
  <testcase classname="com.qa.tests.ShoppingCartTest" name="tcNeg009_getCartWithNonExistentId" time="1.135"/>
  <testcase classname="com.qa.tests.ShoppingCartTest" name="tc010_getCartById" time="0.449"/>
  <testcase classname="com.qa.tests.ShoppingCartTest" name="tcNeg010_addToCartWithMissingFields" time="0.359"/>
  <testcase classname="com.qa.tests.ShoppingCartTest" name="tc011_getCartsByUser" time="0.414"/>
  <testcase classname="com.qa.tests.ShoppingCartTest" name="tcNeg011_addToCartWithNegativeQuantity" time="0.398"/>
  <testcase classname="com.qa.tests.ShoppingCartTest" name="tc012_addProductToCart" time="0.406"/>
</testsuite> <!-- com.qa.tests.ShoppingCartTest -->
